<?xml version="1.0" encoding="UTF-8"?>
<!-- Generated by org.testng.reporters.JUnitReportReporter -->
<testsuite skipped="0" hostname="DESKTOP-S5NJFC7" name="practise.ExtentReportDemo" tests="1" failures="0" timestamp="2020-03-28T19:11:37 LINT" time="1.013" errors="0">
  <testcase name="loginTest" time="1.013" classname="practise.ExtentReportDemo"/>
  <system-out/>
</testsuite> <!-- practise.ExtentReportDemo -->
