<?xml version="1.0" encoding="UTF-8"?>
<!-- Generated by org.testng.reporters.JUnitReportReporter -->
<testsuite skipped="0" hostname="DESKTOP-S5NJFC7" name="cts.miniproject.test.VerifywordpressLogin" tests="1" failures="0" timestamp="2020-03-27T01:32:23 LINT" time="36.494" errors="0">
  <testcase name="verifyValidLogin" time="36.494" classname="cts.miniproject.test.VerifywordpressLogin"/>
  <system-out/>
</testsuite> <!-- cts.miniproject.test.VerifywordpressLogin -->
