<?xml version="1.0" encoding="UTF-8"?>
<!-- Generated by org.testng.reporters.JUnitReportReporter -->
<testsuite skipped="0" hostname="DESKTOP-S5NJFC7" name="Testngprojects.Firstprogram" tests="8" failures="0" timestamp="2020-03-25T00:00:49 LINT" time="0.129" errors="0">
  <testcase name="vendor2" time="0.088" classname="Testngprojects.Firstprogram"/>
  <system-out/>
  <testcase name="customer1" time="0.004" classname="Testngprojects.Firstprogram"/>
  <system-out/>
  <testcase name="customer2" time="0.002" classname="Testngprojects.Firstprogram"/>
  <system-out/>
  <testcase name="admin1" time="0.017" classname="Testngprojects.Firstprogram"/>
  <system-out/>
  <testcase name="vendor1" time="0.003" classname="Testngprojects.Firstprogram"/>
  <system-out/>
  <testcase name="admin2" time="0.006" classname="Testngprojects.Firstprogram"/>
  <system-out/>
  <testcase name="customer3" time="0.002" classname="Testngprojects.Firstprogram"/>
  <system-out/>
  <testcase name="vendor3" time="0.007" classname="Testngprojects.Firstprogram"/>
  <system-out/>
</testsuite> <!-- Testngprojects.Firstprogram -->
