<?xml version="1.0" encoding="UTF-8"?>
<!-- Generated by org.testng.reporters.JUnitReportReporter -->
<testsuite skipped="0" hostname="DESKTOP-S5NJFC7" name="cts.miniproject.test.DdWordpressLogin" tests="3" failures="0" timestamp="2020-03-27T20:43:22 LINT" time="67.295" errors="0">
  <testcase name="loginToWordpress" time="34.887" classname="cts.miniproject.test.DdWordpressLogin"/>
  <system-out/>
  <testcase name="loginToWordpress" time="15.458" classname="cts.miniproject.test.DdWordpressLogin"/>
  <system-out/>
  <testcase name="loginToWordpress" time="16.950" classname="cts.miniproject.test.DdWordpressLogin"/>
  <system-out/>
</testsuite> <!-- cts.miniproject.test.DdWordpressLogin -->
