<?xml version="1.0" encoding="UTF-8"?>
<!-- Generated by org.testng.reporters.JUnitReportReporter -->
<testsuite skipped="0" hostname="DESKTOP-S5NJFC7" name="cts.miniproject.test.VerifyWordpressLoginPageFactory" tests="1" failures="0" timestamp="2020-03-26T21:14:22 LINT" time="17.044" errors="0">
  <testcase name="checkValidUser" time="17.044" classname="cts.miniproject.test.VerifyWordpressLoginPageFactory"/>
  <system-out/>
</testsuite> <!-- cts.miniproject.test.VerifyWordpressLoginPageFactory -->
